<?xml version="1.0" encoding="UTF-8"?>
<!-- Generated by org.testng.reporters.JUnitXMLReporter -->
<testsuite hostname="ASDA0101" name="Command line test" tests="1" failures="1" timestamp="27 May 2016 09:56:37 GMT" time="5.995" errors="0">
  <testcase name="Step01_loginTest" time="0.003" classname="com.qait.demo.tests.LoginTest">
    <failure type="java.lang.NullPointerException">
      <![CDATA[java.lang.NullPointerException
	at com.qait.automation.utils.YamlReader.getMapValue(YamlReader.java:92)
	at com.qait.automation.utils.YamlReader.getValue(YamlReader.java:86)
	at com.qait.automation.utils.YamlReader.getYamlValue(YamlReader.java:50)
	at com.qait.demo.tests.LoginTest.Step01_loginTest(LoginTest.java:43)
... Removed 33 stack frames]]>
    </failure>
  </testcase> <!-- Step01_loginTest -->
</testsuite> <!-- Command line test -->
