-------------------------------------------------------------------------------
Test set: com.qait.demo.tests.LoginTest
-------------------------------------------------------------------------------
Tests run: 1, Failures: 1, Errors: 0, Skipped: 0, Time elapsed: 6.172 sec <<< FAILURE!
Step01_loginTest(com.qait.demo.tests.LoginTest)  Time elapsed: 0.006 sec  <<< FAILURE!
java.lang.NullPointerException
	at com.qait.automation.utils.YamlReader.getMapValue(YamlReader.java:92)
	at com.qait.automation.utils.YamlReader.getValue(YamlReader.java:86)
	at com.qait.automation.utils.YamlReader.getYamlValue(YamlReader.java:50)
	at com.qait.demo.tests.LoginTest.Step01_loginTest(LoginTest.java:43)
