<?xml version="1.0" encoding="UTF-8"?>
<testng-results skipped="0" failed="1" total="1" passed="0">
  <reporter-output>
    <line>
      <![CDATA[
The application url is :- http://www.bing.com/]]>
    </line>
    <line>
      <![CDATA[The test browser is :- firefox
]]>
    </line>
    <line>
      <![CDATA[ ]]>
    </line>
    <line>
      <![CDATA[***** STARTING TEST STEP:- STEP01_LOGINTEST *****]]>
    </line>
    <line>
      <![CDATA[ ]]>
    </line>
    <line>
      <![CDATA[Save Image File Path : /home/qainfotech/automation_project/GIT_REPO/v8_Java/./target/screenshots//LoginTest/2016_05_27_03_26_PM/screenshot.png]]>
    </line>
    <line>
      <![CDATA[
]]>
    </line>
  </reporter-output>
  <suite name="com.qait.demo.tests.LoginTest" duration-ms="5995" started-at="2016-05-27T09:56:31Z" finished-at="2016-05-27T09:56:37Z">
    <groups>
    </groups>
    <test name="Command line test" duration-ms="5995" started-at="2016-05-27T09:56:31Z" finished-at="2016-05-27T09:56:37Z">
      <class name="com.qait.demo.tests.LoginTest">
        <test-method status="PASS" signature="Start_Test_Session()[pri:0, instance:com.qait.demo.tests.LoginTest@6b2fad11]" name="Start_Test_Session" is-config="true" duration-ms="4567" started-at="2016-05-27T15:26:31Z" finished-at="2016-05-27T15:26:35Z">
          <reporter-output>
            <line>
              <![CDATA[
The application url is :- http://www.bing.com/]]>
            </line>
            <line>
              <![CDATA[The test browser is :- firefox
]]>
            </line>
          </reporter-output>
        </test-method> <!-- Start_Test_Session -->
        <test-method status="PASS" signature="handleTestMethodName(java.lang.reflect.Method)[pri:0, instance:com.qait.demo.tests.LoginTest@6b2fad11]" name="handleTestMethodName" is-config="true" duration-ms="1" started-at="2016-05-27T15:26:35Z" finished-at="2016-05-27T15:26:35Z">
          <params>
            <param index="0">
              <value>
                <![CDATA[public void com.qait.demo.tests.LoginTest.Step01_loginTest()]]>
              </value>
            </param>
          </params>
          <reporter-output>
            <line>
              <![CDATA[ ]]>
            </line>
            <line>
              <![CDATA[***** STARTING TEST STEP:- STEP01_LOGINTEST *****]]>
            </line>
            <line>
              <![CDATA[ ]]>
            </line>
          </reporter-output>
        </test-method> <!-- handleTestMethodName -->
        <test-method status="FAIL" signature="Step01_loginTest()[pri:0, instance:com.qait.demo.tests.LoginTest@6b2fad11]" name="Step01_loginTest" duration-ms="3" started-at="2016-05-27T15:26:35Z" finished-at="2016-05-27T15:26:35Z">
          <exception class="java.lang.NullPointerException">
            <full-stacktrace>
              <![CDATA[java.lang.NullPointerException
	at com.qait.automation.utils.YamlReader.getMapValue(YamlReader.java:92)
	at com.qait.automation.utils.YamlReader.getValue(YamlReader.java:86)
	at com.qait.automation.utils.YamlReader.getYamlValue(YamlReader.java:50)
	at com.qait.demo.tests.LoginTest.Step01_loginTest(LoginTest.java:43)
	at sun.reflect.NativeMethodAccessorImpl.invoke0(Native Method)
	at sun.reflect.NativeMethodAccessorImpl.invoke(NativeMethodAccessorImpl.java:62)
	at sun.reflect.DelegatingMethodAccessorImpl.invoke(DelegatingMethodAccessorImpl.java:43)
	at java.lang.reflect.Method.invoke(Method.java:497)
	at org.testng.internal.MethodInvocationHelper.invokeMethod(MethodInvocationHelper.java:84)
	at org.testng.internal.Invoker.invokeMethod(Invoker.java:714)
	at org.testng.internal.Invoker.invokeTestMethod(Invoker.java:901)
	at org.testng.internal.Invoker.invokeTestMethods(Invoker.java:1231)
	at org.testng.internal.TestMethodWorker.invokeTestMethods(TestMethodWorker.java:127)
	at org.testng.internal.TestMethodWorker.run(TestMethodWorker.java:111)
	at org.testng.TestRunner.privateRun(TestRunner.java:767)
	at org.testng.TestRunner.run(TestRunner.java:617)
	at org.testng.SuiteRunner.runTest(SuiteRunner.java:334)
	at org.testng.SuiteRunner.runSequentially(SuiteRunner.java:329)
	at org.testng.SuiteRunner.privateRun(SuiteRunner.java:291)
	at org.testng.SuiteRunner.run(SuiteRunner.java:240)
	at org.testng.SuiteRunnerWorker.runSuite(SuiteRunnerWorker.java:52)
	at org.testng.SuiteRunnerWorker.run(SuiteRunnerWorker.java:86)
	at org.testng.TestNG.runSuitesSequentially(TestNG.java:1224)
	at org.testng.TestNG.runSuitesLocally(TestNG.java:1149)
	at org.testng.TestNG.run(TestNG.java:1057)
	at org.apache.maven.surefire.testng.TestNGExecutor.run(TestNGExecutor.java:70)
	at org.apache.maven.surefire.testng.TestNGDirectoryTestSuite.execute(TestNGDirectoryTestSuite.java:111)
	at org.apache.maven.surefire.testng.TestNGProvider.invoke(TestNGProvider.java:115)
	at sun.reflect.NativeMethodAccessorImpl.invoke0(Native Method)
	at sun.reflect.NativeMethodAccessorImpl.invoke(NativeMethodAccessorImpl.java:62)
	at sun.reflect.DelegatingMethodAccessorImpl.invoke(DelegatingMethodAccessorImpl.java:43)
	at java.lang.reflect.Method.invoke(Method.java:497)
	at org.apache.maven.surefire.util.ReflectionUtils.invokeMethodWithArray(ReflectionUtils.java:188)
	at org.apache.maven.surefire.booter.ProviderFactory$ProviderProxy.invoke(ProviderFactory.java:166)
	at org.apache.maven.surefire.booter.ProviderFactory.invokeProvider(ProviderFactory.java:86)
	at org.apache.maven.surefire.booter.ForkedBooter.runSuitesInProcess(ForkedBooter.java:101)
	at org.apache.maven.surefire.booter.ForkedBooter.main(ForkedBooter.java:74)
]]>
            </full-stacktrace>
          </exception> <!-- java.lang.NullPointerException -->
          <reporter-output>
          </reporter-output>
        </test-method> <!-- Step01_loginTest -->
        <test-method status="PASS" signature="take_screenshot_on_failure(org.testng.ITestResult)[pri:0, instance:com.qait.demo.tests.LoginTest@6b2fad11]" name="take_screenshot_on_failure" is-config="true" duration-ms="1305" started-at="2016-05-27T15:26:35Z" finished-at="2016-05-27T15:26:36Z">
          <params>
            <param index="0">
              <value>
                <![CDATA[[TestResult name=Step01_loginTest status=FAILURE method=LoginTest.Step01_loginTest()[pri:0, instance:com.qait.demo.tests.LoginTest@6b2fad11] output={null}]]]>
              </value>
            </param>
          </params>
          <reporter-output>
            <line>
              <![CDATA[Save Image File Path : /home/qainfotech/automation_project/GIT_REPO/v8_Java/./target/screenshots//LoginTest/2016_05_27_03_26_PM/screenshot.png]]>
            </line>
          </reporter-output>
        </test-method> <!-- take_screenshot_on_failure -->
        <test-method status="PASS" signature="close_Test_Session()[pri:0, instance:com.qait.demo.tests.LoginTest@6b2fad11]" name="close_Test_Session" is-config="true" duration-ms="113" started-at="2016-05-27T15:26:36Z" finished-at="2016-05-27T15:26:37Z">
          <reporter-output>
            <line>
              <![CDATA[
]]>
            </line>
          </reporter-output>
        </test-method> <!-- close_Test_Session -->
      </class> <!-- com.qait.demo.tests.LoginTest -->
    </test> <!-- Command line test -->
  </suite> <!-- com.qait.demo.tests.LoginTest -->
</testng-results>
