<?xml version="1.0" encoding="UTF-8" ?>
<testsuite tests="1" failures="1" name="com.qait.demo.tests.LoginTest" time="6.172" errors="0" skipped="0">
  <properties>
[...]
</properties>
  <testcase classname="com.qait.demo.tests.LoginTest" name="Step01_loginTest" time="0.006">
    <failure type="java.lang.NullPointerException">java.lang.NullPointerException
	at com.qait.automation.utils.YamlReader.getMapValue(YamlReader.java:92)
	at com.qait.automation.utils.YamlReader.getValue(YamlReader.java:86)
	at com.qait.automation.utils.YamlReader.getYamlValue(YamlReader.java:50)
	at com.qait.demo.tests.LoginTest.Step01_loginTest(LoginTest.java:43)
</failure>
    <system-out>yaml file path ::src/test/resources/testdata/STG_TestData.yml

The application url is :- http://www.bing.com/
The test browser is :- firefox

 
***** STARTING TEST STEP:- STEP01_LOGINTEST *****
 
</system-out>
  </testcase>
</testsuite>