<?xml version="1.0" encoding="UTF-8"?>
<testng-results skipped="0" failed="1" total="1" passed="0">
  <reporter-output>
    <line>
      <![CDATA[
The application url is :- http://10.0.1.86/tap_classroom/TicTacToe/]]>
    </line>
    <line>
      <![CDATA[The test browser is :- firefox
]]>
    </line>
    <line>
      <![CDATA[ ]]>
    </line>
    <line>
      <![CDATA[***** STARTING TEST STEP:- TESTTATOCGAME *****]]>
    </line>
    <line>
      <![CDATA[ ]]>
    </line>
    <line>
      <![CDATA[Save Image File Path : /home/qainfotech/automation_project/GIT_REPO/v8_Java/./target/screenshots//LoginTest/2016_06_09_12_04_PM/screenshot.png]]>
    </line>
  </reporter-output>
  <suite name="Default suite" duration-ms="221693" started-at="2016-06-09T06:30:51Z" finished-at="2016-06-09T06:34:33Z">
    <groups>
    </groups>
    <test name="Default test" duration-ms="221693" started-at="2016-06-09T06:30:51Z" finished-at="2016-06-09T06:34:33Z">
      <class name="com.qait.demo.tests.LoginTest">
        <test-method status="PASS" signature="Start_Test_Session()[pri:0, instance:com.qait.demo.tests.LoginTest@1d119efb]" name="Start_Test_Session" is-config="true" duration-ms="4241" started-at="2016-06-09T12:00:51Z" finished-at="2016-06-09T12:00:56Z">
          <reporter-output>
            <line>
              <![CDATA[
The application url is :- http://10.0.1.86/tap_classroom/TicTacToe/]]>
            </line>
            <line>
              <![CDATA[The test browser is :- firefox
]]>
            </line>
          </reporter-output>
        </test-method> <!-- Start_Test_Session -->
        <test-method status="PASS" signature="handleTestMethodName(java.lang.reflect.Method)[pri:0, instance:com.qait.demo.tests.LoginTest@1d119efb]" name="handleTestMethodName" is-config="true" duration-ms="6" started-at="2016-06-09T12:00:56Z" finished-at="2016-06-09T12:00:56Z">
          <params>
            <param index="0">
              <value>
                <![CDATA[public void com.qait.demo.tests.LoginTest.testTatocGame()]]>
              </value>
            </param>
          </params>
          <reporter-output>
            <line>
              <![CDATA[ ]]>
            </line>
            <line>
              <![CDATA[***** STARTING TEST STEP:- TESTTATOCGAME *****]]>
            </line>
            <line>
              <![CDATA[ ]]>
            </line>
          </reporter-output>
        </test-method> <!-- handleTestMethodName -->
        <test-method status="FAIL" signature="testTatocGame()[pri:0, instance:com.qait.demo.tests.LoginTest@1d119efb]" name="testTatocGame" duration-ms="217298" started-at="2016-06-09T12:00:56Z" finished-at="2016-06-09T12:04:33Z">
          <exception class="java.lang.NullPointerException">
            <full-stacktrace>
              <![CDATA[java.lang.NullPointerException
	at com.qait.demo.keywords.HomePageActions.clickGame(HomePageActions.java:72)
	at com.qait.demo.tests.LoginTest.testTatocGame(LoginTest.java:86)
	at sun.reflect.NativeMethodAccessorImpl.invoke0(Native Method)
	at sun.reflect.NativeMethodAccessorImpl.invoke(NativeMethodAccessorImpl.java:62)
	at sun.reflect.DelegatingMethodAccessorImpl.invoke(DelegatingMethodAccessorImpl.java:43)
	at java.lang.reflect.Method.invoke(Method.java:497)
	at org.testng.internal.MethodInvocationHelper.invokeMethod(MethodInvocationHelper.java:84)
	at org.testng.internal.Invoker.invokeMethod(Invoker.java:714)
	at org.testng.internal.Invoker.invokeTestMethod(Invoker.java:901)
	at org.testng.internal.Invoker.invokeTestMethods(Invoker.java:1231)
	at org.testng.internal.TestMethodWorker.invokeTestMethods(TestMethodWorker.java:127)
	at org.testng.internal.TestMethodWorker.run(TestMethodWorker.java:111)
	at org.testng.TestRunner.privateRun(TestRunner.java:767)
	at org.testng.TestRunner.run(TestRunner.java:617)
	at org.testng.SuiteRunner.runTest(SuiteRunner.java:334)
	at org.testng.SuiteRunner.runSequentially(SuiteRunner.java:329)
	at org.testng.SuiteRunner.privateRun(SuiteRunner.java:291)
	at org.testng.SuiteRunner.run(SuiteRunner.java:240)
	at org.testng.SuiteRunnerWorker.runSuite(SuiteRunnerWorker.java:52)
	at org.testng.SuiteRunnerWorker.run(SuiteRunnerWorker.java:86)
	at org.testng.TestNG.runSuitesSequentially(TestNG.java:1224)
	at org.testng.TestNG.runSuitesLocally(TestNG.java:1149)
	at org.testng.TestNG.run(TestNG.java:1057)
	at org.testng.remote.AbstractRemoteTestNG.run(AbstractRemoteTestNG.java:126)
	at org.testng.remote.RemoteTestNG.initAndRun(RemoteTestNG.java:137)
	at org.testng.remote.RemoteTestNG.main(RemoteTestNG.java:58)
]]>
            </full-stacktrace>
          </exception> <!-- java.lang.NullPointerException -->
          <reporter-output>
          </reporter-output>
        </test-method> <!-- testTatocGame -->
        <test-method status="PASS" signature="take_screenshot_on_failure(org.testng.ITestResult)[pri:0, instance:com.qait.demo.tests.LoginTest@1d119efb]" name="take_screenshot_on_failure" is-config="true" duration-ms="129" started-at="2016-06-09T12:04:33Z" finished-at="2016-06-09T12:04:33Z">
          <params>
            <param index="0">
              <value>
                <![CDATA[[TestResult name=testTatocGame status=FAILURE method=LoginTest.testTatocGame()[pri:0, instance:com.qait.demo.tests.LoginTest@1d119efb] output={null}]]]>
              </value>
            </param>
          </params>
          <reporter-output>
            <line>
              <![CDATA[Save Image File Path : /home/qainfotech/automation_project/GIT_REPO/v8_Java/./target/screenshots//LoginTest/2016_06_09_12_04_PM/screenshot.png]]>
            </line>
          </reporter-output>
        </test-method> <!-- take_screenshot_on_failure -->
        <test-method status="PASS" signature="close_Test_Session()[pri:0, instance:com.qait.demo.tests.LoginTest@1d119efb]" name="close_Test_Session" is-config="true" duration-ms="0" started-at="2016-06-09T12:04:33Z" finished-at="2016-06-09T12:04:33Z">
          <reporter-output>
          </reporter-output>
        </test-method> <!-- close_Test_Session -->
      </class> <!-- com.qait.demo.tests.LoginTest -->
    </test> <!-- Default test -->
  </suite> <!-- Default suite -->
</testng-results>
